<?xml version="1.0" encoding="UTF-8"?>
<!-- Generated by org.testng.reporters.JUnitReportReporter -->
<testsuite hostname="DESKTOP-0PP78O3" failures="0" tests="1" name="testng.Sum" time="0.024" errors="0" timestamp="2023-12-04T11:14:25 IST" skipped="0">
  <testcase classname="testng.Sum" name="add" time="0.024"/>
  <system-out/>
</testsuite> <!-- testng.Sum -->
