<?xml version="1.0" encoding="UTF-8"?>
<!-- Generated by org.testng.reporters.JUnitReportReporter -->
<testsuite hostname="DESKTOP-0PP78O3" failures="0" tests="4" name="testng.SetTest" time="0.042" errors="0" timestamp="2023-12-04T11:13:21 IST" skipped="0">
  <testcase classname="testng.SetTest" name="test" time="0.018"/>
  <system-out/>
  <testcase classname="testng.SetTest" name="Ytest" time="0.008"/>
  <system-out/>
  <testcase classname="testng.SetTest" name="Gtest" time="0.006"/>
  <system-out/>
  <testcase classname="testng.SetTest" name="Etest" time="0.010"/>
  <system-out/>
</testsuite> <!-- testng.SetTest -->
