<?xml version="1.0" encoding="UTF-8"?>
<!-- Generated by org.testng.reporters.JUnitReportReporter -->
<testsuite hostname="DESKTOP-0PP78O3" failures="0" tests="3" name="testng.Set_Priority" time="0.019" errors="0" timestamp="2023-12-04T11:13:21 IST" skipped="0">
  <testcase classname="testng.Set_Priority" name="Ytest" time="0.006"/>
  <system-out/>
  <testcase classname="testng.Set_Priority" name="Gtest" time="0.006"/>
  <system-out/>
  <testcase classname="testng.Set_Priority" name="Etest" time="0.007"/>
  <system-out/>
</testsuite> <!-- testng.Set_Priority -->
