<?xml version="1.0" encoding="UTF-8"?>
<!-- Generated by org.testng.reporters.JUnitReportReporter -->
<testsuite hostname="DESKTOP-0PP78O3" failures="0" tests="1" name="Test.LoginTestOne" time="15.369" errors="0" timestamp="2023-12-06T09:30:29 IST" skipped="0">
  <testcase classname="Test.LoginTestOne" name="verifyLogin" time="15.369"/>
</testsuite> <!-- Test.LoginTestOne -->
