<?xml version="1.0" encoding="UTF-8"?>
<!-- Generated by org.testng.reporters.JUnitReportReporter -->
<testsuite hostname="DESKTOP-0PP78O3" failures="0" tests="2" name="testng.Login" time="0.026" errors="0" timestamp="2023-12-04T10:52:01 IST" skipped="0">
  <testcase classname="testng.Login" name="test" time="0.019"/>
  <system-out>
UserAPassA  </system-out>
  <testcase classname="testng.Login" name="test" time="0.007"/>
  <system-out>
UserBPassB  </system-out>
</testsuite> <!-- testng.Login -->
