<?xml version="1.0" encoding="UTF-8"?>
<!-- Generated by org.testng.reporters.JUnitReportReporter -->
<testsuite hostname="DESKTOP-0PP78O3" failures="0" tests="9" name="Test.BigBasketTest" time="225.749" errors="0" timestamp="2023-12-07T14:15:45 IST" skipped="0">
  <testcase classname="Test.BigBasketTest" name="verifyAddtocart" time="12.736"/>
  <testcase classname="Test.BigBasketTest" name="verifyLocation" time="31.213"/>
  <testcase classname="Test.BigBasketTest" name="verifyLocation" time="22.352"/>
  <testcase classname="Test.BigBasketTest" name="verifyRating" time="26.083"/>
  <testcase classname="Test.BigBasketTest" name="verifyPrice" time="37.300"/>
  <testcase classname="Test.BigBasketTest" name="verifyLogin" time="37.552"/>
  <testcase classname="Test.BigBasketTest" name="verifyBanner" time="34.925"/>
  <testcase classname="Test.BigBasketTest" name="verifyPetShop" time="12.318"/>
  <testcase classname="Test.BigBasketTest" name="verifyTopBanner" time="11.270"/>
</testsuite> <!-- Test.BigBasketTest -->
